This is pdfTeX, Version 3.141592-1.40.3 (Web2C 7.5.6) (format=pdflatex 2011.4.21)  7 JUL 2011 23:44
entering extended mode
**main
(./main.tex
LaTeX2e <2005/12/01>
Babel <v3.8h> and hyphenation patterns for english, usenglishmax, dumylang, noh
yphenation, arabic, basque, bulgarian, coptic, welsh, czech, slovak, german, ng
erman, danish, esperanto, spanish, catalan, galician, estonian, farsi, finnish,
 french, greek, monogreek, ancientgreek, croatian, hungarian, interlingua, ibyc
us, indonesian, icelandic, italian, latin, mongolian, dutch, norsk, polish, por
tuguese, pinyin, romanian, russian, slovenian, uppersorbian, serbian, swedish, 
turkish, ukenglish, ukrainian, loaded.
(../other/preamble.tex
(/usr/local/gwTeX/texmf.texlive/tex/latex/base/article.cls
Document Class: article 2005/09/16 v1.4f Standard LaTeX document class
(/usr/local/gwTeX/texmf.texlive/tex/latex/base/size10.clo
File: size10.clo 2005/09/16 v1.4f Standard LaTeX file (size option)
)
\c@part=\count79
\c@section=\count80
\c@subsection=\count81
\c@subsubsection=\count82
\c@paragraph=\count83
\c@subparagraph=\count84
\c@figure=\count85
\c@table=\count86
\abovecaptionskip=\skip41
\belowcaptionskip=\skip42
\bibindent=\dimen102
)
(/usr/local/gwTeX/texmf.texlive/tex/latex/geometry/geometry.sty
Package: geometry 2002/07/08 v3.2 Page Geometry

(/usr/local/gwTeX/texmf.texlive/tex/latex/graphics/keyval.sty
Package: keyval 1999/03/16 v1.13 key=value parser (DPC)
\KV@toks@=\toks14
)
\Gm@cnth=\count87
\Gm@cntv=\count88
\c@Gm@tempcnt=\count89
\Gm@bindingoffset=\dimen103
\Gm@wd@mp=\dimen104
\Gm@odd@mp=\dimen105
\Gm@even@mp=\dimen106
\Gm@dimlist=\toks15

(/usr/local/gwTeX/texmf.texlive/tex/xelatex/xetexconfig/geometry.cfg))
(/usr/local/gwTeX/texmf.texlive/tex/latex/amsmath/amsmath.sty
Package: amsmath 2000/07/18 v2.13 AMS math features
\@mathmargin=\skip43

For additional information on amsmath, use the `?' option.
(/usr/local/gwTeX/texmf.texlive/tex/latex/amsmath/amstext.sty
Package: amstext 2000/06/29 v2.01

(/usr/local/gwTeX/texmf.texlive/tex/latex/amsmath/amsgen.sty
File: amsgen.sty 1999/11/30 v2.0
\@emptytoks=\toks16
\ex@=\dimen107
))
(/usr/local/gwTeX/texmf.texlive/tex/latex/amsmath/amsbsy.sty
Package: amsbsy 1999/11/29 v1.2d
\pmbraise@=\dimen108
)
(/usr/local/gwTeX/texmf.texlive/tex/latex/amsmath/amsopn.sty
Package: amsopn 1999/12/14 v2.01 operator names
)
\inf@bad=\count90
LaTeX Info: Redefining \frac on input line 211.
\uproot@=\count91
\leftroot@=\count92
LaTeX Info: Redefining \overline on input line 307.
\classnum@=\count93
\DOTSCASE@=\count94
LaTeX Info: Redefining \ldots on input line 379.
LaTeX Info: Redefining \dots on input line 382.
LaTeX Info: Redefining \cdots on input line 467.
\Mathstrutbox@=\box26
\strutbox@=\box27
\big@size=\dimen109
LaTeX Font Info:    Redeclaring font encoding OML on input line 567.
LaTeX Font Info:    Redeclaring font encoding OMS on input line 568.
\macc@depth=\count95
\c@MaxMatrixCols=\count96
\dotsspace@=\muskip10
\c@parentequation=\count97
\dspbrk@lvl=\count98
\tag@help=\toks17
\row@=\count99
\column@=\count100
\maxfields@=\count101
\andhelp@=\toks18
\eqnshift@=\dimen110
\alignsep@=\dimen111
\tagshift@=\dimen112
\tagwidth@=\dimen113
\totwidth@=\dimen114
\lineht@=\dimen115
\@envbody=\toks19
\multlinegap=\skip44
\multlinetaggap=\skip45
\mathdisplay@stack=\toks20
LaTeX Info: Redefining \[ on input line 2666.
LaTeX Info: Redefining \] on input line 2667.
)
(/usr/local/gwTeX/texmf.texlive/tex/latex/amscls/amsthm.sty
Package: amsthm 2004/08/06 v2.20
\thm@style=\toks21
\thm@bodyfont=\toks22
\thm@headfont=\toks23
\thm@notefont=\toks24
\thm@headpunct=\toks25
\thm@preskip=\skip46
\thm@postskip=\skip47
\thm@headsep=\skip48
\dth@everypar=\toks26
)
(/usr/local/gwTeX/texmf.texlive/tex/latex/amsfonts/amssymb.sty
Package: amssymb 2002/01/22 v2.2d

(/usr/local/gwTeX/texmf.texlive/tex/latex/amsfonts/amsfonts.sty
Package: amsfonts 2001/10/25 v2.2f
\symAMSa=\mathgroup4
\symAMSb=\mathgroup5
LaTeX Font Info:    Overwriting math alphabet `\mathfrak' in version `bold'
(Font)                  U/euf/m/n --> U/euf/b/n on input line 132.
))
(/usr/local/gwTeX/texmf.texlive/tex/latex/ltxmisc/url.sty
\Urlmuskip=\muskip11
Package: url 2005/06/27  ver 3.2  Verb mode for urls, etc.
)
(/usr/local/gwTeX/texmf.texlive/tex/latex/jknapltx/mathrsfs.sty
Package: mathrsfs 1996/01/01 Math RSFS package v1.0 (jk)
\symrsfs=\mathgroup6
)
\c@theorem=\count102
) (./main.aux)
\openout1 = `main.aux'.

LaTeX Font Info:    Checking defaults for OML/cmm/m/it on input line 3.
LaTeX Font Info:    ... okay on input line 3.
LaTeX Font Info:    Checking defaults for T1/cmr/m/n on input line 3.
LaTeX Font Info:    ... okay on input line 3.
LaTeX Font Info:    Checking defaults for OT1/cmr/m/n on input line 3.
LaTeX Font Info:    ... okay on input line 3.
LaTeX Font Info:    Checking defaults for OMS/cmsy/m/n on input line 3.
LaTeX Font Info:    ... okay on input line 3.
LaTeX Font Info:    Checking defaults for OMX/cmex/m/n on input line 3.
LaTeX Font Info:    ... okay on input line 3.
LaTeX Font Info:    Checking defaults for U/cmr/m/n on input line 3.
LaTeX Font Info:    ... okay on input line 3.
-------------------- Geometry parameters
paper: class default
landscape: --
twocolumn: --
twoside: --
asymmetric: --
h-parts: 108.405pt, 397.485pt, 108.405pt
v-parts: 108.405pt, 578.15999pt, 108.405pt
hmarginratio: --
vmarginratio: --
lines: --
heightrounded: --
bindingoffset: 0.0pt
truedimen: --
includehead: --
includefoot: --
includemp: --
driver: pdftex
-------------------- Page layout dimensions and switches
\paperwidth  614.295pt
\paperheight 794.96999pt
\textwidth  397.485pt
\textheight 578.15999pt
\oddsidemargin  36.13501pt
\evensidemargin 36.13501pt
\topmargin  -0.86499pt
\headheight 12.0pt
\headsep    25.0pt
\footskip   30.0pt
\marginparwidth 65.0pt
\marginparsep   11.0pt
\columnsep  10.0pt
\skip\footins  9.0pt plus 4.0pt minus 2.0pt
\hoffset 0.0pt
\voffset 0.0pt
\mag 1000

(1in=72.27pt, 1cm=28.45pt)
-----------------------

(../other/intro.tex
LaTeX Font Info:    Try loading font information for U+msa on input line 4.
 (/usr/local/gwTeX/texmf.texlive/tex/latex/amsfonts/umsa.fd
File: umsa.fd 2002/01/19 v2.2g AMS font definitions
)
LaTeX Font Info:    Try loading font information for U+msb on input line 4.
(/usr/local/gwTeX/texmf.texlive/tex/latex/amsfonts/umsb.fd
File: umsb.fd 2002/01/19 v2.2g AMS font definitions
)
LaTeX Font Info:    Try loading font information for U+rsfs on input line 4.

(/usr/local/gwTeX/texmf.texlive/tex/latex/jknapltx/ursfs.fd
File: ursfs.fd 1998/03/24 rsfs font definition file (jk)
) [1

{/usr/local/gwTeX/texmf.local/fonts/map/pdftex/updmap/pdftex.map}] (./main.toc 
[1])
\tf@toc=\write3
\openout3 = `main.toc'.

 [2])
(./lectures/lec1.tex [3]) (./lectures/lec2.tex [4] [5]) (./lectures/lec3.tex
[6]
LaTeX Font Info:    Try loading font information for OMS+cmr on input line 27.
 (/usr/local/gwTeX/texmf.texlive/tex/latex/base/omscmr.fd
File: omscmr.fd 1999/05/25 v2.5h Standard LaTeX font definitions
)
LaTeX Font Info:    Font shape `OMS/cmr/m/n' in size <10> not available
(Font)              Font shape `OMS/cmsy/m/n' tried instead on input line 27.
 [7])
(./lectures/lec4.tex [8] [9]) (./lectures/lec5.tex [10] [11])
(./lectures/lec6.tex [12] [13]) (./lectures/lec7.tex [14] [15])
(./lectures/lec8.tex [16]) (./lectures/lec9.tex [17] [18] [19])
(./lectures/lec10.tex [20] [21]) (./lectures/lec11.tex [22] [23] [24])
(./lectures/lec12.tex [25] [26]) (./lectures/lec13.tex [27] [28] [29])
(./lectures/lec14.tex [30]
Overfull \hbox (2.37567pt too wide) detected at line 42
\OML/cmm/m/it/10 f\OT1/cmr/m/n/10 (\OML/cmm/m/it/10 x[]; y[]\OT1/cmr/m/n/10 ) =
 [][] [] \OMS/cmsy/m/n/10 ^^A \OML/cmm/m/it/10 d[] \OT1/cmr/m/n/10 = [][](4\OML
/cmm/m/it/10 x[] \OT1/cmr/m/n/10 + 8\OML/cmm/m/it/10 xy\OT1/cmr/m/n/10 ) \OML/c
mm/m/it/10 dx \OT1/cmr/m/n/10 + (3\OML/cmm/m/it/10 y[] \OT1/cmr/m/n/10 + 4\OML/
cmm/m/it/10 x[]\OT1/cmr/m/n/10 ) \OML/cmm/m/it/10 dy \OT1/cmr/m/n/10 = [][] 4\O
ML/cmm/m/it/10 x[] dx \OT1/cmr/m/n/10 + [][] 3\OML/cmm/m/it/10 y[] \OT1/cmr/m/n
/10 + 4\OML/cmm/m/it/10 x[] dy
 []

[31]) (./lectures/lec15.tex [32] [33]) (./lectures/lec16.tex [34] [35] [36])
(./lectures/lec17.tex [37]) (./lectures/lec18.tex [38] [39] [40])
(./lectures/lec19.tex [41] [42] [43]) (./lectures/lec20.tex [44] [45])
(./lectures/lec21.tex [46] [47] [48]) (./lectures/lec22.tex [49]
Overfull \hbox (41.02419pt too wide) detected at line 21
[] [][] \OML/cmm/m/it/10 < \OT1/cmr/m/n/10 0\OML/cmm/m/it/10 ; \OT1/cmr/m/n/10 
0\OML/cmm/m/it/10 ; R > \OMS/cmsy/m/n/10 ^^A[] \OML/cmm/m/it/10 dS \OT1/cmr/m/n
/10 = [] [][] \OML/cmm/m/it/10 < \OT1/cmr/m/n/10 0\OML/cmm/m/it/10 ; \OT1/cmr/m
/n/10 0\OML/cmm/m/it/10 ; R > \OMS/cmsy/m/n/10 ^^A \OML/cmm/m/it/10 < \OMS/cmsy
/m/n/10 ^^@[]\OML/cmm/m/it/10 ; \OMS/cmsy/m/n/10 ^^@[]\OML/cmm/m/it/10 ; \OT1/c
mr/m/n/10 1 \OML/cmm/m/it/10 >  dx dy \OT1/cmr/m/n/10 = [] [][] \OML/cmm/m/it/1
0 R\OT1/cmr/m/n/10 (\OML/cmm/m/it/10 x; y; z[]\OT1/cmr/m/n/10 (\OML/cmm/m/it/10
 x; y\OT1/cmr/m/n/10 )) \OML/cmm/m/it/10 dx dy;
 []


Overfull \hbox (68.81596pt too wide) detected at line 23
[] [][] \OML/cmm/m/it/10 < \OT1/cmr/m/n/10 0\OML/cmm/m/it/10 ; \OT1/cmr/m/n/10 
0\OML/cmm/m/it/10 ; R > \OMS/cmsy/m/n/10 ^^A[] \OML/cmm/m/it/10 dS \OT1/cmr/m/n
/10 = [] [][] \OML/cmm/m/it/10 < \OT1/cmr/m/n/10 0\OML/cmm/m/it/10 ; \OT1/cmr/m
/n/10 0\OML/cmm/m/it/10 ; R > \OMS/cmsy/m/n/10 ^^A \OML/cmm/m/it/10 < []; []; \
OMS/cmsy/m/n/10 ^^@\OT1/cmr/m/n/10 1 \OML/cmm/m/it/10 >  dx dy \OT1/cmr/m/n/10 
= [] [][] \OMS/cmsy/m/n/10 ^^@\OML/cmm/m/it/10 R\OT1/cmr/m/n/10 (\OML/cmm/m/it/
10 x; y; z[]\OT1/cmr/m/n/10 (\OML/cmm/m/it/10 x; y\OT1/cmr/m/n/10 )) \OML/cmm/m
/it/10 dx dy:
 []

[50]) (./lectures/lec23.tex [51] [52] [53]) (./lectures/lec24.tex [54] [55])
(./lectures/lec25.tex [56] [57]) (./lectures/lec26.tex [58] [59]) [60]
(./main.aux) ) 
Here is how much of TeX's memory you used:
 1868 strings out of 94073
 22313 string characters out of 1163505
 2068719 words of memory out of 4519915
 5055 multiletter control sequences out of 10000+50000
 15655 words of font info for 61 fonts, out of 2000000 for 2000
 645 hyphenation exceptions out of 5000
 29i,11n,32p,1009b,267s stack positions out of 5000i,500n,6000p,200000b,50000s
</usr/local/gwTeX/texmf.texlive/fonts/type1/bluesky/cm/cmbx10.pfb
></usr/local/gwTeX/texmf.texlive/fonts/type1/bluesky/cm/cmbx12.pfb></usr/local/
gwTeX/texmf.texlive/fonts/type1/bluesky/cm/cmbx7.pfb></usr/local/gwTeX/texmf.te
xlive/fonts/type1/bluesky/cm/cmbxti10.pfb></usr/local/gwTeX/texmf.texlive/fonts
/type1/bluesky/cm/cmex10.pfb></usr/local/gwTeX/texmf.texlive/fonts/type1/bluesk
y/cm/cmmi10.pfb></usr/local/gwTeX/texmf.texlive/fonts/type1/bluesky/cm/cmmi5.pf
b></usr/local/gwTeX/texmf.texlive/fonts/type1/bluesky/cm/cmmi7.pfb></usr/local/
gwTeX/texmf.texlive/fonts/type1/bluesky/cm/cmmib10.pfb></usr/local/gwTeX/texmf.
texlive/fonts/type1/bluesky/cm/cmr10.pfb></usr/local/gwTeX/texmf.texlive/fonts/
type1/bluesky/cm/cmr12.pfb></usr/local/gwTeX/texmf.texlive/fonts/type1/bluesky/
cm/cmr17.pfb></usr/local/gwTeX/texmf.texlive/fonts/type1/bluesky/cm/cmr5.pfb></
usr/local/gwTeX/texmf.texlive/fonts/type1/bluesky/cm/cmr7.pfb></usr/local/gwTeX
/texmf.texlive/fonts/type1/bluesky/cm/cmsy10.pfb></usr/local/gwTeX/texmf.texliv
e/fonts/type1/bluesky/cm/cmsy5.pfb></usr/local/gwTeX/texmf.texlive/fonts/type1/
bluesky/cm/cmsy7.pfb></usr/local/gwTeX/texmf.texlive/fonts/type1/bluesky/cm/cmt
i10.pfb></usr/local/gwTeX/texmf.texlive/fonts/type1/bluesky/latex-fonts/lcircle
1.pfb>
Output written on main.pdf (61 pages, 328925 bytes).
PDF statistics:
 275 PDF objects out of 1000 (max. 8388607)
 0 named destinations out of 1000 (max. 131072)
 1 words of extra memory for PDF output out of 10000 (max. 10000000)

