This is pdfTeX, Version 3.1415926-2.3-1.40.12 (TeX Live 2011/MacPorts 2011_0) (format=pdflatex 2011.8.12)  12 DEC 2011 19:34
entering extended mode
 restricted \write18 enabled.
 %&-line parsing enabled.
**main.tex
(./main.tex
LaTeX2e <2009/09/24>
Babel <v3.8l> and hyphenation patterns for english, dumylang, nohyphenation, cz
ech, slovak, dutch, ukenglish, usenglishmax, basque, french, german-x-2009-06-1
9, ngerman-x-2009-06-19, german, ngerman, swissgerman, italian, polish, portugu
ese, spanish, catalan, galician, loaded.
(../other/preamble.tex
(/opt/local/share/texmf-texlive-dist/tex/latex/amscls/amsart.cls
Document Class: amsart 2009/07/02 v2.20.1
\linespacing=\dimen102
\normalparindent=\dimen103
\normaltopskip=\skip41
(/opt/local/share/texmf-texlive-dist/tex/latex/amsmath/amsmath.sty
Package: amsmath 2000/07/18 v2.13 AMS math features
\@mathmargin=\skip42

For additional information on amsmath, use the `?' option.
(/opt/local/share/texmf-texlive-dist/tex/latex/amsmath/amstext.sty
Package: amstext 2000/06/29 v2.01

(/opt/local/share/texmf-texlive-dist/tex/latex/amsmath/amsgen.sty
File: amsgen.sty 1999/11/30 v2.0
\@emptytoks=\toks14
\ex@=\dimen104
))
(/opt/local/share/texmf-texlive-dist/tex/latex/amsmath/amsbsy.sty
Package: amsbsy 1999/11/29 v1.2d
\pmbraise@=\dimen105
)
(/opt/local/share/texmf-texlive-dist/tex/latex/amsmath/amsopn.sty
Package: amsopn 1999/12/14 v2.01 operator names
)
\inf@bad=\count79
LaTeX Info: Redefining \frac on input line 211.
\uproot@=\count80
\leftroot@=\count81
LaTeX Info: Redefining \overline on input line 307.
\classnum@=\count82
\DOTSCASE@=\count83
LaTeX Info: Redefining \ldots on input line 379.
LaTeX Info: Redefining \dots on input line 382.
LaTeX Info: Redefining \cdots on input line 467.
\Mathstrutbox@=\box26
\strutbox@=\box27
\big@size=\dimen106
LaTeX Font Info:    Redeclaring font encoding OML on input line 567.
LaTeX Font Info:    Redeclaring font encoding OMS on input line 568.
\macc@depth=\count84
\c@MaxMatrixCols=\count85
\dotsspace@=\muskip10
\c@parentequation=\count86
\dspbrk@lvl=\count87
\tag@help=\toks15
\row@=\count88
\column@=\count89
\maxfields@=\count90
\andhelp@=\toks16
\eqnshift@=\dimen107
\alignsep@=\dimen108
\tagshift@=\dimen109
\tagwidth@=\dimen110
\totwidth@=\dimen111
\lineht@=\dimen112
\@envbody=\toks17
\multlinegap=\skip43
\multlinetaggap=\skip44
\mathdisplay@stack=\toks18
LaTeX Info: Redefining \[ on input line 2666.
LaTeX Info: Redefining \] on input line 2667.
)
LaTeX Font Info:    Try loading font information for U+msa on input line 388.

(/opt/local/share/texmf-texlive-dist/tex/latex/amsfonts/umsa.fd
File: umsa.fd 2009/06/22 v3.00 AMS symbols A
)
(/opt/local/share/texmf-texlive-dist/tex/latex/amsfonts/amsfonts.sty
Package: amsfonts 2009/06/22 v3.00 Basic AMSFonts support
\symAMSa=\mathgroup4
\symAMSb=\mathgroup5
LaTeX Font Info:    Overwriting math alphabet `\mathfrak' in version `bold'
(Font)                  U/euf/m/n --> U/euf/b/n on input line 96.
)
\copyins=\insert233
\abstractbox=\box28
\listisep=\skip45
\c@part=\count91
\c@section=\count92
\c@subsection=\count93
\c@subsubsection=\count94
\c@paragraph=\count95
\c@subparagraph=\count96
\c@figure=\count97
\c@table=\count98
\abovecaptionskip=\skip46
\belowcaptionskip=\skip47
\captionindent=\dimen113
\thm@style=\toks19
\thm@bodyfont=\toks20
\thm@headfont=\toks21
\thm@notefont=\toks22
\thm@headpunct=\toks23
\thm@preskip=\skip48
\thm@postskip=\skip49
\thm@headsep=\skip50
\dth@everypar=\toks24
)
(/opt/local/share/texmf-texlive-dist/tex/latex/geometry/geometry.sty
Package: geometry 2010/09/12 v5.6 Page Geometry

(/opt/local/share/texmf-texlive-dist/tex/latex/graphics/keyval.sty
Package: keyval 1999/03/16 v1.13 key=value parser (DPC)
\KV@toks@=\toks25
)
(/opt/local/share/texmf-texlive-dist/tex/generic/oberdiek/ifpdf.sty
Package: ifpdf 2011/01/30 v2.3 Provides the ifpdf switch (HO)
Package ifpdf Info: pdfTeX in PDF mode is detected.
)
(/opt/local/share/texmf-texlive-dist/tex/generic/oberdiek/ifvtex.sty
Package: ifvtex 2010/03/01 v1.5 Switches for detecting VTeX and its modes (HO)
Package ifvtex Info: VTeX not detected.
)
(/opt/local/share/texmf-texlive-dist/tex/generic/ifxetex/ifxetex.sty
Package: ifxetex 2010/09/12 v0.6 Provides ifxetex conditional
)
\Gm@cnth=\count99
\Gm@cntv=\count100
\c@Gm@tempcnt=\count101
\Gm@bindingoffset=\dimen114
\Gm@wd@mp=\dimen115
\Gm@odd@mp=\dimen116
\Gm@even@mp=\dimen117
\Gm@layoutwidth=\dimen118
\Gm@layoutheight=\dimen119
\Gm@layouthoffset=\dimen120
\Gm@layoutvoffset=\dimen121
\Gm@dimlist=\toks26
)
(/opt/local/share/texmf-texlive-dist/tex/latex/amsfonts/amssymb.sty
Package: amssymb 2009/06/22 v3.00
)
(/opt/local/share/texmf-texlive-dist/tex/latex/url/url.sty
\Urlmuskip=\muskip11
Package: url 2006/04/12  ver 3.3  Verb mode for urls, etc.
)
(/opt/local/share/texmf-texlive-dist/tex/latex/oberdiek/stackrel.sty
Package: stackrel 2007/11/11 v1.2 Adding subscript option to stackrel (HO)

(/opt/local/share/texmf-texlive-dist/tex/generic/oberdiek/etexcmds.sty
Package: etexcmds 2011/02/16 v1.5 Prefix for e-TeX command names (HO)

(/opt/local/share/texmf-texlive-dist/tex/generic/oberdiek/infwarerr.sty
Package: infwarerr 2010/04/08 v1.3 Providing info/warning/message (HO)
)
(/opt/local/share/texmf-texlive-dist/tex/generic/oberdiek/ifluatex.sty
Package: ifluatex 2010/03/01 v1.3 Provides the ifluatex switch (HO)
Package ifluatex Info: LuaTeX not detected.
)
Package etexcmds Info: Could not find \expanded.
(etexcmds)             That can mean that you are not using pdfTeX 1.50 or
(etexcmds)             that some package has redefined \expanded.
(etexcmds)             In the latter case, load this package earlier.
)
(/opt/local/share/texmf-texlive-dist/tex/generic/oberdiek/pdftexcmds.sty
Package: pdftexcmds 2011/04/22 v0.16 Utilities of pdfTeX for LuaTeX (HO)

(/opt/local/share/texmf-texlive-dist/tex/generic/oberdiek/ltxcmds.sty
Package: ltxcmds 2011/04/18 v1.20 LaTeX kernel commands for general use (HO)
)
Package pdftexcmds Info: LuaTeX not detected.
Package pdftexcmds Info: \pdf@primitive is available.
Package pdftexcmds Info: \pdf@ifprimitive is available.
Package pdftexcmds Info: \pdfdraftmode found.
))
(/opt/local/share/texmf/tex/generic/xypic/texinputs/xy.sty
(/opt/local/share/texmf/tex/generic/xypic/texinputs/xy.tex Bootstrap'ing:
catcodes, docmode,
(/opt/local/share/texmf/tex/generic/xypic/texinputs/xyrecat.tex)
(/opt/local/share/texmf/tex/generic/xypic/texinputs/xyidioms.tex)

 Xy-pic version 3.8.6 <2011/05/27>
 Copyright (c) 1991-2011 by Kristoffer H. Rose <krisrose@tug.org>
 Xy-pic is free software: see the User's Guide for details.

Loading kernel: messages; fonts; allocations: state,
\X@c=\dimen122
\Y@c=\dimen123
\U@c=\dimen124
\D@c=\dimen125
\L@c=\dimen126
\R@c=\dimen127
\Edge@c=\toks27
\X@p=\dimen128
\Y@p=\dimen129
\U@p=\dimen130
\D@p=\dimen131
\L@p=\dimen132
\R@p=\dimen133
\Edge@p=\toks28
\X@origin=\dimen134
\Y@origin=\dimen135
\X@xbase=\dimen136
\Y@xbase=\dimen137
\X@ybase=\dimen138
\Y@ybase=\dimen139
\X@min=\dimen140
\Y@min=\dimen141
\X@max=\dimen142
\Y@max=\dimen143
\lastobjectbox@=\box29
\zerodotbox@=\box30
\almostz@=\dimen144
 direction,
\d@X=\dimen145
\d@Y=\dimen146
\K@=\count102
\KK@=\count103
\Direction=\count104
\K@dXdY=\dimen147
\K@dYdX=\dimen148
\xyread@=\read1
\xywrite@=\write3
\csp@=\count105
\quotPTK@=\dimen149

utility macros; pictures: \xy, positions,
\swaptoks@@=\toks29
\connectobjectbox@@=\box31
 objects,
\styletoks@=\toks30
 decorations;
kernel objects: directionals, circles, text; options; algorithms: directions,
edges, connections;  Xy-pic loaded)
Package: xy 2011/05/27 Xy-pic version 3.8.6

(/opt/local/share/texmf/tex/generic/xypic/texinputs/xypdf.tex
 Xy-pic option: PDF driver v.1.7 loaded))
(/opt/local/share/texmf-texlive-dist/tex/latex/jknapltx/mathrsfs.sty
Package: mathrsfs 1996/01/01 Math RSFS package v1.0 (jk)
\symrsfs=\mathgroup6
)
(/opt/local/share/texmf-texlive-dist/tex/latex/tools/verbatim.sty
Package: verbatim 2003/08/22 v1.5q LaTeX2e package for verbatim enhancements
\every@verbatim=\toks31
\verbatim@line=\toks32
\verbatim@in@stream=\read2
)
(/opt/local/share/texmf-texlive-dist/tex/latex/hyperref/hyperref.sty
Package: hyperref 2011/04/17 v6.82g Hypertext links for LaTeX

(/opt/local/share/texmf-texlive-dist/tex/generic/oberdiek/hobsub-hyperref.sty
Package: hobsub-hyperref 2011/04/23 v1.4 Bundle oberdiek, subset hyperref (HO)

(/opt/local/share/texmf-texlive-dist/tex/generic/oberdiek/hobsub-generic.sty
Package: hobsub-generic 2011/04/23 v1.4 Bundle oberdiek, subset generic (HO)
Package: hobsub 2011/04/23 v1.4 Subsetting bundle oberdiek (HO)
Package hobsub Info: Skipping package `infwarerr' (already loaded).
Package hobsub Info: Skipping package `ltxcmds' (already loaded).
Package hobsub Info: Skipping package `ifluatex' (already loaded).
Package hobsub Info: Skipping package `ifvtex' (already loaded).
Package: intcalc 2007/09/27 v1.1 Expandable integer calculations (HO)
Package hobsub Info: Skipping package `ifpdf' (already loaded).
Package hobsub Info: Skipping package `etexcmds' (already loaded).
Package: kvsetkeys 2011/04/07 v1.13 Key value parser (HO)
Package: kvdefinekeys 2011/04/07 v1.3 Defining keys (HO)
Package hobsub Info: Skipping package `pdftexcmds' (already loaded).
Package: pdfescape 2011/04/04 v1.12 Provides string conversions (HO)
Package: bigintcalc 2011/01/30 v1.2 Expandable big integer calculations (HO)
Package: bitset 2011/01/30 v1.1 Data type bit set (HO)
Package: uniquecounter 2011/01/30 v1.2 Provides unlimited unique counter (HO)
)
Package hobsub Info: Skipping package `hobsub' (already loaded).
Package: letltxmacro 2010/09/02 v1.4 Let assignment for LaTeX macros (HO)
Package: hopatch 2011/01/30 v1.0 Wrapper for package hooks (HO)
Package: xcolor-patch 2011/01/30 xcolor patch
Package: atveryend 2011/04/23 v1.7 Hooks at very end of document (HO)
Package atveryend Info: \enddocument detected (standard).
Package: atbegshi 2011/01/30 v1.15 At begin shipout hook (HO)
Package: refcount 2010/12/01 v3.2 Data extraction from references (HO)
Package: hycolor 2011/01/30 v1.7 Color options of hyperref/bookmark (HO)
)
(/opt/local/share/texmf-texlive-dist/tex/latex/oberdiek/kvoptions.sty
Package: kvoptions 2010/12/23 v3.10 Keyval support for LaTeX options (HO)
)
\@linkdim=\dimen150
\Hy@linkcounter=\count106
\Hy@pagecounter=\count107

(/opt/local/share/texmf-texlive-dist/tex/latex/hyperref/pd1enc.def
File: pd1enc.def 2011/04/17 v6.82g Hyperref: PDFDocEncoding definition (HO)
)
\Hy@SavedSpaceFactor=\count108

(/opt/local/share/texmf-texlive-dist/tex/latex/latexconfig/hyperref.cfg
File: hyperref.cfg 2002/06/06 v1.2 hyperref configuration of TeXLive
)
Package hyperref Info: Hyper figures OFF on input line 4026.
Package hyperref Info: Link nesting OFF on input line 4031.
Package hyperref Info: Hyper index ON on input line 4034.
Package hyperref Info: Plain pages OFF on input line 4041.
Package hyperref Info: Backreferencing OFF on input line 4046.
Package hyperref Info: Implicit mode ON; LaTeX internals redefined.
Package hyperref Info: Bookmarks ON on input line 4264.
\c@Hy@tempcnt=\count109
LaTeX Info: Redefining \url on input line 4617.
\Fld@menulength=\count110
\Field@Width=\dimen151
\Fld@charsize=\dimen152
Package hyperref Info: Hyper figures OFF on input line 5701.
Package hyperref Info: Link nesting OFF on input line 5706.
Package hyperref Info: Hyper index ON on input line 5709.
Package hyperref Info: backreferencing OFF on input line 5716.
Package hyperref Info: Link coloring OFF on input line 5721.
Package hyperref Info: Link coloring with OCG OFF on input line 5726.
Package hyperref Info: PDF/A mode OFF on input line 5731.
LaTeX Info: Redefining \ref on input line 5771.
LaTeX Info: Redefining \pageref on input line 5775.
\Hy@abspage=\count111
\c@Item=\count112
\c@Hfootnote=\count113
)

Package hyperref Message: Driver (autodetected): hpdftex.

(/opt/local/share/texmf-texlive-dist/tex/latex/hyperref/hpdftex.def
File: hpdftex.def 2011/04/17 v6.82g Hyperref driver for pdfTeX
\Fld@listcount=\count114
\c@bookmark@seq@number=\count115

(/opt/local/share/texmf-texlive-dist/tex/latex/oberdiek/rerunfilecheck.sty
Package: rerunfilecheck 2011/04/15 v1.7 Rerun checks for auxiliary files (HO)
Package uniquecounter Info: New unique counter `rerunfilecheck' on input line 2
82.
)
\Hy@SectionHShift=\skip51
)
(/opt/local/share/texmf-texlive-dist/tex/latex/fancyhdr/fancyhdr.sty
\fancy@headwidth=\skip52
\f@ncyO@elh=\skip53
\f@ncyO@erh=\skip54
\f@ncyO@olh=\skip55
\f@ncyO@orh=\skip56
\f@ncyO@elf=\skip57
\f@ncyO@erf=\skip58
\f@ncyO@olf=\skip59
\f@ncyO@orf=\skip60
)
\c@theorem=\count116
)
(./main.aux)
\openout1 = `main.aux'.

LaTeX Font Info:    Checking defaults for OML/cmm/m/it on input line 3.
LaTeX Font Info:    ... okay on input line 3.
LaTeX Font Info:    Checking defaults for T1/cmr/m/n on input line 3.
LaTeX Font Info:    ... okay on input line 3.
LaTeX Font Info:    Checking defaults for OT1/cmr/m/n on input line 3.
LaTeX Font Info:    ... okay on input line 3.
LaTeX Font Info:    Checking defaults for OMS/cmsy/m/n on input line 3.
LaTeX Font Info:    ... okay on input line 3.
LaTeX Font Info:    Checking defaults for OMX/cmex/m/n on input line 3.
LaTeX Font Info:    ... okay on input line 3.
LaTeX Font Info:    Checking defaults for U/cmr/m/n on input line 3.
LaTeX Font Info:    ... okay on input line 3.
LaTeX Font Info:    Checking defaults for PD1/pdf/m/n on input line 3.
LaTeX Font Info:    ... okay on input line 3.
LaTeX Font Info:    Try loading font information for U+msa on input line 3.
 (/opt/local/share/texmf-texlive-dist/tex/latex/amsfonts/umsa.fd
File: umsa.fd 2009/06/22 v3.00 AMS symbols A
)
LaTeX Font Info:    Try loading font information for U+msb on input line 3.

(/opt/local/share/texmf-texlive-dist/tex/latex/amsfonts/umsb.fd
File: umsb.fd 2009/06/22 v3.00 AMS symbols B
)
LaTeX Font Info:    Try loading font information for U+rsfs on input line 3.

(/opt/local/share/texmf-texlive-dist/tex/latex/jknapltx/ursfs.fd
File: ursfs.fd 1998/03/24 rsfs font definition file (jk)
)
*geometry* driver: auto-detecting
*geometry* detected driver: pdftex
*geometry* verbose mode - [ preamble ] result:
* driver: pdftex
* paper: <default>
* layout: <same size as paper>
* layoutoffset:(h,v)=(0.0pt,0.0pt)
* modes: twoside 
* h-part:(L,W,R)=(86.72377pt, 440.84746pt, 86.72377pt)
* v-part:(T,H,B)=(86.72377pt, 621.52245pt, 86.72377pt)
* \paperwidth=614.295pt
* \paperheight=794.96999pt
* \textwidth=440.84746pt
* \textheight=621.52245pt
* \oddsidemargin=14.45378pt
* \evensidemargin=14.45378pt
* \topmargin=-7.54622pt
* \headheight=8.0pt
* \headsep=14.0pt
* \topskip=10.0pt
* \footskip=12.0pt
* \marginparwidth=90.0pt
* \marginparsep=11.0pt
* \columnsep=10.0pt
* \skip\footins=7.0pt plus 11.0pt
* \hoffset=0.0pt
* \voffset=0.0pt
* \mag=1000
* \@twocolumnfalse
* \@twosidetrue
* \@mparswitchtrue
* \@reversemarginfalse
* (1in=72.27pt=25.4mm, 1cm=28.453pt)

Package xypdf Info: Line width: 0.39998pt on input line 3.
\AtBeginShipoutBox=\box32
Package hyperref Info: Link coloring OFF on input line 3.
(/opt/local/share/texmf-texlive-dist/tex/latex/hyperref/nameref.sty
Package: nameref 2010/04/30 v2.40 Cross-referencing by name of section

(/opt/local/share/texmf-texlive-dist/tex/generic/oberdiek/gettitlestring.sty
Package: gettitlestring 2010/12/03 v1.4 Cleanup title references (HO)
)
\c@section@level=\count117
)
LaTeX Info: Redefining \ref on input line 3.
LaTeX Info: Redefining \pageref on input line 3.
LaTeX Info: Redefining \nameref on input line 3.

(./main.out) (./main.out)
\@outlinefile=\write4
\openout4 = `main.out'.

 (../other/intro.tex (./main.toc [1{/opt/local/var/db/texmf/fonts/map/pdftex/up
dmap/pdftex.map}])
\tf@toc=\write5
\openout5 = `main.toc'.

 [2] [3]) (./chapters/ch1.tex
[4]) (./chapters/ch2.tex [5] [6]) (./chapters/ch3.tex) (./chapters/ch4.tex
[7] [8]) (./chapters/ch5.tex [9] [10] [11] [12] [13]) (./chapters/ch6.tex
[14] [15]) (./chapters/ch7.tex [16] [17] [18]) (./chapters/ch8.tex [19]
[20] [21pdfTeX warning (ext4): destination with the same identifier (name{theor
em.8.8}) has been already used, duplicate ignored

\AtBegShi@Output ...ipout \box \AtBeginShipoutBox 
                                                  \fi \fi 
l.137 \[
         \alpha \ge x \textrm{ and } \alpha \le \beta. \]] [22] [23])
(./chapters/ch9.tex [24]) (./chapters/ch10.tex [25] [26] [27])
(./chapters/ch11.tex [28] [29] [30] [31] [32] [33]) (./chapters/ch12.tex
[34] [35] [36] [37]) (./chapters/ch13.tex [38] [39] [40]) (./chapters/ch14.tex
[41])
Package atveryend Info: Empty hook `BeforeClearDocument' on input line 22.
 [42]
Package atveryend Info: Empty hook `AfterLastShipout' on input line 22.
 (./main.aux)
Package atveryend Info: Executing hook `AtVeryEndDocument' on input line 22.
Package atveryend Info: Executing hook `AtEndAfterFileList' on input line 22.
Package rerunfilecheck Info: File `main.out' has not changed.
(rerunfilecheck)             Checksum: 9BADA08845132CBC3F1A700B580003A6;2782.
Package atveryend Info: Empty hook `AtVeryVeryEnd' on input line 22.
 ) 
Here is how much of TeX's memory you used:
 7435 strings out of 494770
 100983 string characters out of 3171573
 213072 words of memory out of 3000000
 10173 multiletter control sequences out of 15000+200000
 14588 words of font info for 58 fonts, out of 3000000 for 9000
 295 hyphenation exceptions out of 8191
 36i,9n,43p,1055b,533s stack positions out of 5000i,500n,10000p,200000b,50000s
</opt/local/share/texmf-texlive-dist/fonts/type1/public/amsfonts/cm/cmbx10.pf
b></opt/local/share/texmf-texlive-dist/fonts/type1/public/amsfonts/cm/cmbxti10.
pfb></opt/local/share/texmf-texlive-dist/fonts/type1/public/amsfonts/cm/cmcsc10
.pfb></opt/local/share/texmf-texlive-dist/fonts/type1/public/amsfonts/cm/cmex10
.pfb></opt/local/share/texmf-texlive-dist/fonts/type1/public/amsfonts/cm/cmmi10
.pfb></opt/local/share/texmf-texlive-dist/fonts/type1/public/amsfonts/cm/cmmi5.
pfb></opt/local/share/texmf-texlive-dist/fonts/type1/public/amsfonts/cm/cmmi7.p
fb></opt/local/share/texmf-texlive-dist/fonts/type1/public/amsfonts/cm/cmmib10.
pfb></opt/local/share/texmf-texlive-dist/fonts/type1/public/amsfonts/cm/cmr10.p
fb></opt/local/share/texmf-texlive-dist/fonts/type1/public/amsfonts/cm/cmr5.pfb
></opt/local/share/texmf-texlive-dist/fonts/type1/public/amsfonts/cm/cmr7.pfb><
/opt/local/share/texmf-texlive-dist/fonts/type1/public/amsfonts/cm/cmr8.pfb></o
pt/local/share/texmf-texlive-dist/fonts/type1/public/amsfonts/cm/cmsy10.pfb></o
pt/local/share/texmf-texlive-dist/fonts/type1/public/amsfonts/cm/cmsy5.pfb></op
t/local/share/texmf-texlive-dist/fonts/type1/public/amsfonts/cm/cmsy7.pfb></opt
/local/share/texmf-texlive-dist/fonts/type1/public/amsfonts/cm/cmti10.pfb></opt
/local/share/texmf-texlive-dist/fonts/type1/public/amsfonts/cm/cmti7.pfb></opt/
local/share/texmf-texlive-dist/fonts/type1/public/amsfonts/cm/cmti8.pfb></opt/l
ocal/share/texmf-texlive-dist/fonts/type1/public/amsfonts/symbols/msam10.pfb></
opt/local/share/texmf-texlive-dist/fonts/type1/public/amsfonts/symbols/msbm10.p
fb></opt/local/share/texmf-texlive-dist/fonts/type1/public/amsfonts/symbols/msb
m7.pfb></opt/local/share/texmf-texlive-dist/fonts/type1/public/rsfs/rsfs10.pfb>
</opt/local/share/texmf-texlive-dist/fonts/type1/public/rsfs/rsfs7.pfb>
Output written on main.pdf (42 pages, 390780 bytes).
PDF statistics:
 718 PDF objects out of 1000 (max. 8388607)
 644 compressed objects within 7 object streams
 189 named destinations out of 1000 (max. 500000)
 361 words of extra memory for PDF output out of 10000 (max. 10000000)

