\BOOKMARK [1][-]{section*.2}{Introduction}{}% 1
\BOOKMARK [1][-]{section.1}{1. Basic properties of numbers}{}% 2
\BOOKMARK [2][-]{subsection.1.1}{1.1. Notes}{section.1}% 3
\BOOKMARK [2][-]{subsection.1.2}{1.2. Exercises}{section.1}% 4
\BOOKMARK [1][-]{section.2}{2. Numbers of various sorts}{}% 5
\BOOKMARK [2][-]{subsection.2.1}{2.1. Notes}{section.2}% 6
\BOOKMARK [2][-]{subsection.2.2}{2.2. Exercises}{section.2}% 7
\BOOKMARK [1][-]{section.3}{3. Functions}{}% 8
\BOOKMARK [2][-]{subsection.3.1}{3.1. Notes}{section.3}% 9
\BOOKMARK [2][-]{subsection.3.2}{3.2. Exercises}{section.3}% 10
\BOOKMARK [1][-]{section.4}{4. Graphs}{}% 11
\BOOKMARK [2][-]{subsection.4.1}{4.1. Notes}{section.4}% 12
\BOOKMARK [2][-]{subsection.4.2}{4.2. Exercises}{section.4}% 13
\BOOKMARK [1][-]{section.5}{5. Limits}{}% 14
\BOOKMARK [2][-]{subsection.5.1}{5.1. Notes}{section.5}% 15
\BOOKMARK [2][-]{subsection.5.2}{5.2. Exercises}{section.5}% 16
\BOOKMARK [1][-]{section.6}{6. Continuous functions}{}% 17
\BOOKMARK [2][-]{subsection.6.1}{6.1. Notes}{section.6}% 18
\BOOKMARK [2][-]{subsection.6.2}{6.2. Exercises}{section.6}% 19
\BOOKMARK [1][-]{section.7}{7. Three hard theorems}{}% 20
\BOOKMARK [2][-]{subsection.7.1}{7.1. Notes}{section.7}% 21
\BOOKMARK [2][-]{subsection.7.2}{7.2. Exercises}{section.7}% 22
\BOOKMARK [1][-]{section.8}{8. Least upper bounds}{}% 23
\BOOKMARK [2][-]{subsection.8.1}{8.1. Notes}{section.8}% 24
\BOOKMARK [2][-]{subsection.8.2}{8.2. Exercises}{section.8}% 25
\BOOKMARK [2][-]{subsection.8.3}{8.3. Appendix: Uniform continuity}{section.8}% 26
\BOOKMARK [1][-]{section.9}{9. Derivatives}{}% 27
\BOOKMARK [2][-]{subsection.9.1}{9.1. Notes}{section.9}% 28
\BOOKMARK [2][-]{subsection.9.2}{9.2. Exercises}{section.9}% 29
\BOOKMARK [1][-]{section.10}{10. Differentiation}{}% 30
\BOOKMARK [2][-]{subsection.10.1}{10.1. Notes}{section.10}% 31
\BOOKMARK [2][-]{subsection.10.2}{10.2. Exercises}{section.10}% 32
\BOOKMARK [1][-]{section.11}{11. Significance of the derivative}{}% 33
\BOOKMARK [2][-]{subsection.11.1}{11.1. Notes}{section.11}% 34
\BOOKMARK [2][-]{subsection.11.2}{11.2. Exercises}{section.11}% 35
\BOOKMARK [2][-]{subsection.11.3}{11.3. Appendix: Convexity and concavity}{section.11}% 36
\BOOKMARK [1][-]{section.12}{12. Inverse functions}{}% 37
\BOOKMARK [2][-]{subsection.12.1}{12.1. Notes}{section.12}% 38
\BOOKMARK [2][-]{subsection.12.2}{12.2. Exercises}{section.12}% 39
\BOOKMARK [1][-]{section.13}{13. Integrals}{}% 40
\BOOKMARK [2][-]{subsection.13.1}{13.1. Notes}{section.13}% 41
\BOOKMARK [2][-]{subsection.13.2}{13.2. Exercises}{section.13}% 42
\BOOKMARK [1][-]{section.14}{14. The Fundamental Theorem of Calculus}{}% 43
\BOOKMARK [2][-]{subsection.14.1}{14.1. Notes}{section.14}% 44
\BOOKMARK [2][-]{subsection.14.2}{14.2. Exercises}{section.14}% 45
